<?xml version="1.0" encoding="UTF-8"?>
<!-- Generated by org.testng.reporters.JUnitXMLReporter -->
<testsuite ignored="0" hostname="LAPTOP-5FA2DFNV" failures="1" tests="1" name="Default test" time="0.733" errors="0" timestamp="2025-05-09T21:04:23 IST">
  <testcase classname="io.cucumber.testng.AbstractTestNGCucumberTests" name="runScenario" time="0.083">
    <failure type="java.lang.NullPointerException" message="Cannot invoke &amp;quot;org.openqa.selenium.WebDriver.get(String)&amp;quot; because &amp;quot;this.driver&amp;quot; is null">
      <![CDATA[java.lang.NullPointerException: Cannot invoke "org.openqa.selenium.WebDriver.get(String)" because "this.driver" is null
at Stepdefinitions.datatable.user_open_registration_account_page(datatable.java:19)
at ✽.User open Registration account page(file:///C:/Users/modit/eclipse-workspace/com.cucumber2/src/main/resources/Feature/Datatable1.feature:5)
]]>
    </failure>
  </testcase> <!-- runScenario -->
</testsuite> <!-- Default test -->
