<?xml version="1.0" encoding="UTF-8"?>
<!-- Generated by org.testng.reporters.JUnitReportReporter -->
<testsuite hostname="LAPTOP-5FA2DFNV" failures="0" tests="1" name="testrunner.testrundatatable" time="0.083" errors="1" timestamp="2025-05-09T21:04:24 IST" skipped="0">
  <testcase classname="testrunner.testrundatatable" name="runScenario" time="0.083">
    <error message="Cannot invoke &quot;org.openqa.selenium.WebDriver.get(String)&quot; because &quot;this.driver&quot; is null" type="java.lang.NullPointerException">
      <![CDATA[java.lang.NullPointerException: Cannot invoke "org.openqa.selenium.WebDriver.get(String)" because "this.driver" is null
at Stepdefinitions.datatable.user_open_registration_account_page(datatable.java:19)
at ✽.User open Registration account page(file:///C:/Users/modit/eclipse-workspace/com.cucumber2/src/main/resources/Feature/Datatable1.feature:5)
]]>
    </error>
  </testcase> <!-- runScenario -->
</testsuite> <!-- testrunner.testrundatatable -->
